<?xml version="1.0" encoding="UTF-8"?>
<!-- Generated by org.testng.reporters.JUnitReportReporter -->
<testsuite skipped="0" hostname="Andrews-MacBook-Pro-2.local" name="programmingassignment1.boolArrayListNGTest" tests="8" failures="0" timestamp="15 Feb 2018 02:35:18 GMT" time="0.019" errors="0">
  <testcase name="testInsert" time="0.008" classname="programmingassignment1.boolArrayListNGTest"/>
  <testcase name="testRemove" time="0.002" classname="programmingassignment1.boolArrayListNGTest"/>
  <testcase name="testLookup" time="0.003" classname="programmingassignment1.boolArrayListNGTest"/>
  <testcase name="testLookupException" time="0.001" classname="programmingassignment1.boolArrayListNGTest"/>
  <testcase name="testNegateAll" time="0.001" classname="programmingassignment1.boolArrayListNGTest"/>
  <testcase name="testSize" time="0.001" classname="programmingassignment1.boolArrayListNGTest"/>
  <testcase name="testInsertException" time="0.002" classname="programmingassignment1.boolArrayListNGTest"/>
  <testcase name="testNegateAllException" time="0.001" classname="programmingassignment1.boolArrayListNGTest"/>
</testsuite> <!-- programmingassignment1.boolArrayListNGTest -->
