<?xml version="1.0" encoding="UTF-8"?>
<!-- Generated by org.testng.reporters.JUnitReportReporter -->
<testsuite skipped="0" hostname="Andrews-MacBook-Pro-2.local" name="programmingassignment1.boolListDemoNGTest" tests="1" failures="0" timestamp="15 Feb 2018 02:35:27 GMT" time="0.007" errors="0">
  <testcase name="testBoolToSigned" time="0.007" classname="programmingassignment1.boolListDemoNGTest"/>
</testsuite> <!-- programmingassignment1.boolListDemoNGTest -->
